C51 COMPILER V9.60.7.0   E                                                                 12/10/2023 16:24:15 PAGE 1   


C51 COMPILER V9.60.7.0, COMPILATION OF MODULE E
OBJECT MODULE PLACED IN .\Objects\e.obj
COMPILER INVOKED BY: C:\Keil_v5\C51\BIN\C51.EXE e.c OPTIMIZE(8,SPEED) BROWSE DEBUG OBJECTEXTEND PRINT(.\Listings\e.lst) 
                    -TABS(2) OBJECT(.\Objects\e.obj)

line level    source

   1          #include<regx52.h>
   2          
   3          void delay(int);
   4          void turn();
   5          
   6          code char one_phase[] = {0x01,0x02,0x04,0x08};
   7          code char two_phase[] = {0x0c,0x06,0x03,0x09};
   8          
   9          int dir , delay_time;
  10          
  11          void main (){
  12   1          delay_time = 3000;
  13   1          dir = 2;
  14   1          while(1){
  15   2              turn();
  16   2          }
  17   1      }
  18          
  19          void turn(){
  20   1          int x;
  21   1          if(dir == 1) {
  22   2              for(x=0;x<4;x++){
  23   3                  P1=one_phase[x];
  24   3                  delay(delay_time);
  25   3              }
  26   2          } else {
  27   2              for(x=0;x<4;x++){
  28   3                  P1=two_phase[x];
  29   3                  delay(delay_time);
  30   3              }
  31   2          }
  32   1      }
  33          
  34          void delay(int t){
  35   1          while(t--);
  36   1      }


MODULE INFORMATION:   STATIC OVERLAYABLE
   CODE SIZE        =    119    ----
   CONSTANT SIZE    =      8    ----
   XDATA SIZE       =   ----    ----
   PDATA SIZE       =   ----    ----
   DATA SIZE        =      4       2
   IDATA SIZE       =   ----    ----
   BIT SIZE         =   ----    ----
END OF MODULE INFORMATION.


C51 COMPILATION COMPLETE.  0 WARNING(S),  0 ERROR(S)
