C51 COMPILER V9.60.7.0   E                                                                 12/18/2023 11:07:03 PAGE 1   


C51 COMPILER V9.60.7.0, COMPILATION OF MODULE E
OBJECT MODULE PLACED IN .\Objects\e.obj
COMPILER INVOKED BY: C:\Keil_v5\C51\BIN\C51.EXE e.c OPTIMIZE(8,SPEED) BROWSE DEBUG OBJECTEXTEND PRINT(.\Listings\e.lst) 
                    -TABS(2) OBJECT(.\Objects\e.obj)

line level    source

   1          #include <regx52.h>
   2          
   3          void delay(unsigned int);
   4          
   5          void main(){
   6   1        while(1){
   7   2          P2_0 = 0;
   8   2          delay(50000);
   9   2          P2_0 = 1;
  10   2          delay(50000);
  11   2        }
  12   1      }
  13          
  14          void delay(unsigned int t){
  15   1        while(t--);
  16   1      }


MODULE INFORMATION:   STATIC OVERLAYABLE
   CODE SIZE        =     31    ----
   CONSTANT SIZE    =   ----    ----
   XDATA SIZE       =   ----    ----
   PDATA SIZE       =   ----    ----
   DATA SIZE        =   ----    ----
   IDATA SIZE       =   ----    ----
   BIT SIZE         =   ----    ----
END OF MODULE INFORMATION.


C51 COMPILATION COMPLETE.  0 WARNING(S),  0 ERROR(S)
