C51 COMPILER V9.60.7.0   E7B                                                               11/14/2023 23:25:00 PAGE 1   


C51 COMPILER V9.60.7.0, COMPILATION OF MODULE E7B
OBJECT MODULE PLACED IN .\Objects\e7b.obj
COMPILER INVOKED BY: C:\Keil_v5\C51\BIN\C51.EXE e7b.c OPTIMIZE(8,SPEED) BROWSE DEBUG OBJECTEXTEND PRINT(.\Listings\e7b.l
                    -st) TABS(2) OBJECT(.\Objects\e7b.obj)

line level    source

   1          #include <regx52.h> // include header file for 8051
   2          
   3          #define TH0_init 0x06 //TH0 = 256 - 250
   4          #define TL0_init 0x06 //TL0 = 256 - 250
   5          #define Timer0_int_exe_time 2000 //the parameter can be changed
   6          
   7          void delay(int t);
   8          int counter;
   9          
  10          void main() {
  11   1          TMOD = 0x02; //set timer0 to mode 2(8-bits and auto-reload)
  12   1          IP = 0x02; //timer0 interrupt has high priority 
  13   1          IE = 0x82; //enable timer0 interrupt
  14   1          P2 = 0xff;
  15   1          TL0 = TL0_init; TH0 = TH0_init; //set TH0 & TL0
  16   1          TCON = 0x10; //enable timer0
  17   1          while (1) {
  18   2              delay(32000); // adjust this parameter to match timer
  19   2              P2_0 = ~P2_0; //inverse P2.0
  20   2          }
  21   1      }
  22          
  23          void timer0_interrupt(void) interrupt 1 { //interrupt 1 is int vector of INT0
  24   1          counter++;
  25   1          if (counter == Timer0_int_exe_time) { //250clock cycle * 2000 = 0.5 second
  26   2              P2_1 = ~P2_1; //inverse P2.0
  27   2              counter = 0; 
  28   2          }
  29   1      }
  30          
  31          //delay function
  32          void delay(int t) {
  33   1          for (; t>0; t--);
  34   1      }


MODULE INFORMATION:   STATIC OVERLAYABLE
   CODE SIZE        =     84    ----
   CONSTANT SIZE    =   ----    ----
   XDATA SIZE       =   ----    ----
   PDATA SIZE       =   ----    ----
   DATA SIZE        =      2    ----
   IDATA SIZE       =   ----    ----
   BIT SIZE         =   ----    ----
END OF MODULE INFORMATION.


C51 COMPILATION COMPLETE.  0 WARNING(S),  0 ERROR(S)
