C51 COMPILER V9.60.7.0   E                                                                 12/11/2023 09:47:29 PAGE 1   


C51 COMPILER V9.60.7.0, COMPILATION OF MODULE E
OBJECT MODULE PLACED IN .\Objects\e.obj
COMPILER INVOKED BY: C:\Keil_v5\C51\BIN\C51.EXE e.c OPTIMIZE(8,SPEED) BROWSE DEBUG OBJECTEXTEND PRINT(.\Listings\e.lst) 
                    -TABS(2) OBJECT(.\Objects\e.obj)

line level    source

   1          #include<regx52.h>
   2          
   3          code char two_phase[] = {0x0c,0x06,0x03,0x09};
   4          int dir, delay_time;
   5          
   6          void delay(int);
   7          void turn();
   8          
   9          void main() {
  10   1          delay_time=500;
  11   1          dir=1;
  12   1      
  13   1          while(1) {
  14   2              if(P2 < 25){
  15   3                  delay_time=2500;
  16   3                  dir = 0;
  17   3              } else if(P2 < 50) {
  18   3                  delay_time=2000;
  19   3                  dir = 0;
  20   3              } else if(P2 < 75) {
  21   3                  delay_time=1500;
  22   3                  dir = 0;
  23   3              } else if(P2 < 100) {
  24   3                  delay_time=1000;
  25   3                  dir = 0;
  26   3              } else if(P2 < 128){
  27   3                  delay_time=500;
  28   3                  dir = 0;
  29   3              }
  30   2      
  31   2              else if(P2 < 153){
  32   3                  delay_time=2500;
  33   3                  dir = 1;
  34   3              } else if(P2 < 178){
  35   3                  delay_time=2000;
  36   3                  dir = 1;
  37   3              } else if(P2 < 203){
  38   3                  delay_time=1500;
  39   3                  dir = 1;
  40   3              } else if(P2 < 228){
  41   3                  delay_time=1000;
  42   3                  dir = 1;
  43   3              } else if(P2 < 257){
  44   3                  delay_time=500;
  45   3                  dir = 1;
  46   3              }
  47   2              turn();
  48   2          }
  49   1      }
  50          
  51          void turn() {
  52   1          int x;
  53   1          if(dir==1) {
  54   2              for(x=0;x<4;x++) {
C51 COMPILER V9.60.7.0   E                                                                 12/11/2023 09:47:29 PAGE 2   

  55   3                  P1=two_phase[x];
  56   3                  delay(delay_time);
  57   3              }
  58   2          } else {
  59   2              for(x=4;x>0;x--) {
  60   3                  P1=two_phase[x];
  61   3                  delay(delay_time);
  62   3              }
  63   2          }
  64   1      }
  65          
  66          void delay(int t) {
  67   1          while(t--);
  68   1      }


MODULE INFORMATION:   STATIC OVERLAYABLE
   CODE SIZE        =    279    ----
   CONSTANT SIZE    =      4    ----
   XDATA SIZE       =   ----    ----
   PDATA SIZE       =   ----    ----
   DATA SIZE        =      4       2
   IDATA SIZE       =   ----    ----
   BIT SIZE         =   ----    ----
END OF MODULE INFORMATION.


C51 COMPILATION COMPLETE.  0 WARNING(S),  0 ERROR(S)
