C51 COMPILER V9.60.7.0   A                                                                 09/27/2023 18:27:47 PAGE 1   


C51 COMPILER V9.60.7.0, COMPILATION OF MODULE A
OBJECT MODULE PLACED IN .\Objects\a.obj
COMPILER INVOKED BY: C:\Keil_v5\C51\BIN\C51.EXE a.c OPTIMIZE(8,SPEED) BROWSE DEBUG OBJECTEXTEND PRINT(.\Listings\a.lst) 
                    -TABS(2) OBJECT(.\Objects\a.obj)

line level    source

   1          #include <8051.h>
*** WARNING C318 IN LINE 1 OF a.c: can't open file '8051.h'
   2          
   3          #define TABLE_SIZE 4
   4          
   5          code unsigned char TABLE[TABLE_SIZE] = {0x83, 0xA4, 0xF9, 0x83};
   6          
   7          void delay() {
   8   1          unsigned char i = 250;
   9   1          while (i > 0) {
  10   2              i--;
  11   2          }
  12   1      }
  13          
  14          void main() {
  15   1          unsigned char R0 = 4; // 4 LED
  16   1          unsigned char R1 = 0; // table index
  17   1          unsigned char R2 = 0xFE; // LED drive pin (c0~c3)
  18   1      
  19   1          while (1) {
  20   2              P2 = R2; // select LED
*** ERROR C202 IN LINE 20 OF a.c: 'P2': undefined identifier
  21   2              unsigned char value = TABLE[R1];
*** ERROR C141 IN LINE 21 OF a.c: syntax error near 'unsigned', expected '__asm'
*** ERROR C202 IN LINE 21 OF a.c: 'value': undefined identifier
  22   2              P1 = value; // move value to P1
*** ERROR C202 IN LINE 22 OF a.c: 'P1': undefined identifier
  23   2              delay(); // delay 0.5 ms
  24   2              R1++; // increase R1
  25   2              R2 = (R2 << 1) | (R2 >> 7); // rotate R2
  26   2      
  27   2              if (--R0 == 0) {
  28   3                  R0 = 4;
  29   3              }
  30   2          }
  31   1      }

C51 COMPILATION COMPLETE.  1 WARNING(S),  4 ERROR(S)
