C51 COMPILER V9.60.7.0   E8A                                                               11/22/2023 00:26:10 PAGE 1   


C51 COMPILER V9.60.7.0, COMPILATION OF MODULE E8A
OBJECT MODULE PLACED IN .\Objects\e8a.obj
COMPILER INVOKED BY: C:\Keil_v5\C51\BIN\C51.EXE e8a.c OPTIMIZE(8,SPEED) BROWSE DEBUG OBJECTEXTEND PRINT(.\Listings\e8a.l
                    -st) TABS(2) OBJECT(.\Objects\e8a.obj)

line level    source

   1          #include<regx52.h>
   2          
   3          bit receive_full = 0;
   4          bit transmit_flag = 1;
   5          
   6          char index = 0;
   7          char rxbuf[9];
   8          
   9          char *stuID = "E94106216";
  10          char *correct = "\r\nCorrect\r\n";
  11          char *wrong = "\r\nWrong\r\n";
  12          int i = 0;
  13          
  14          void init_UART() {
  15   1          SCON = 0x50;
  16   1          TMOD = 0x20;
  17   1          TH1 = 0xE6;
  18   1          TR1 = 1;
  19   1          IE = 0x90;
  20   1      }
  21          
  22          void UART_ISR() interrupt 4 {
  23   1          if(RI) {
  24   2              RI = 0;
  25   2              rxbuf[index++] = SBUF;
  26   2              P2 = rxbuf[index - 1];
  27   2              index %= 9;
  28   2              if(!index) receive_full = 1;
  29   2          } else {
  30   2              TI = 0;
  31   2              transmit_flag = 1;
  32   2          }
  33   1      }
  34          
  35          void send_msg(char *c) {
  36   1          for(; *c!= '\0'; c++) {
  37   2              while(!transmit_flag);
  38   2              transmit_flag = 0;
  39   2              SBUF = *c;
  40   2          }
  41   1      }
  42          
  43          int check() {
  44   1          for(i=0; i<9; i++) {
  45   2              if(*(stuID + i) != *(rxbuf + i))
  46   2                  return 0;
  47   2          }
  48   1          return 1;
  49   1      }
  50          
  51          void main() {
  52   1          init_UART();
  53   1      
  54   1          while(1) {
C51 COMPILER V9.60.7.0   E8A                                                               11/22/2023 00:26:10 PAGE 2   

  55   2              if(receive_full) {
  56   3                  receive_full = 0;
  57   3      
  58   3                  if(check()) {
  59   4                      send_msg(correct);
  60   4                  } else {
  61   4                      send_msg(wrong);
  62   4                  }
  63   3              }
  64   2          }
  65   1      }


MODULE INFORMATION:   STATIC OVERLAYABLE
   CODE SIZE        =    232    ----
   CONSTANT SIZE    =     32    ----
   XDATA SIZE       =   ----    ----
   PDATA SIZE       =   ----    ----
   DATA SIZE        =     21    ----
   IDATA SIZE       =   ----    ----
   BIT SIZE         =      2    ----
END OF MODULE INFORMATION.


C51 COMPILATION COMPLETE.  0 WARNING(S),  0 ERROR(S)
